<?xml version="1.0" encoding="UTF-8" ?>
<testsuite tests="32" failures="21" name="TestSuite" time="37.48" errors="0" skipped="0">
  <properties>
    <property name="java.runtime.name" value="Java(TM) SE Runtime Environment"/>
    <property name="sun.boot.library.path" value="C:\Program Files (x86)\Java\jdk1.8.0_91\jre\bin"/>
    <property name="java.vm.version" value="25.91-b15"/>
    <property name="java.vm.vendor" value="Oracle Corporation"/>
    <property name="maven.multiModuleProjectDirectory" value="G:\Projects_Practices\APITestingAutomationFramework"/>
    <property name="java.vendor.url" value="http://java.oracle.com/"/>
    <property name="path.separator" value=";"/>
    <property name="guice.disable.misplaced.annotation.check" value="true"/>
    <property name="java.vm.name" value="Java HotSpot(TM) Client VM"/>
    <property name="file.encoding.pkg" value="sun.io"/>
    <property name="user.script" value=""/>
    <property name="user.country" value="US"/>
    <property name="sun.java.launcher" value="SUN_STANDARD"/>
    <property name="sun.os.patch.level" value="Service Pack 1"/>
    <property name="java.vm.specification.name" value="Java Virtual Machine Specification"/>
    <property name="user.dir" value="G:\Projects_Practices\APITestingAutomationFramework"/>
    <property name="java.runtime.version" value="1.8.0_91-b15"/>
    <property name="java.awt.graphicsenv" value="sun.awt.Win32GraphicsEnvironment"/>
    <property name="java.endorsed.dirs" value="C:\Program Files (x86)\Java\jdk1.8.0_91\jre\lib\endorsed"/>
    <property name="os.arch" value="x86"/>
    <property name="java.io.tmpdir" value="C:\Users\ADMIN\AppData\Local\Temp\"/>
    <property name="line.separator" value="
"/>
    <property name="java.vm.specification.vendor" value="Oracle Corporation"/>
    <property name="user.variant" value=""/>
    <property name="os.name" value="Windows 7"/>
    <property name="classworlds.conf" value="G:\Projects_Practices\.metadata\.plugins\org.eclipse.m2e.launching\launches\m2conf2841208206609891803.tmp"/>
    <property name="sun.jnu.encoding" value="Cp1252"/>
    <property name="java.library.path" value="C:\Program Files (x86)\Java\jdk1.8.0_91\bin;C:\Windows\Sun\Java\bin;C:\Windows\system32;C:\Windows;C:/Program Files (x86)/Java/jre1.8.0_91/bin/client;C:/Program Files (x86)/Java/jre1.8.0_91/bin;C:/Program Files (x86)/Java/jre1.8.0_91/lib/i386;C:\ProgramData\Oracle\Java\javapath;C:\Windows\system32;C:\Windows;C:\Windows\System32\Wbem;C:\Windows\System32\WindowsPowerShell\v1.0\;C:\Program Files (x86)\Java\jdk1.8.0_91\bin;C:\Maven\apache-maven-3.5.0\bin;C:\strawberry\c\bin;C:\strawberry\perl\bin;C:\Program Files\Zulu\zulu-11\bin\;C:\Program Files\Git\cmd;C:\Program Files (x86)\nodejs\;;C:\Users\ADMIN\AppData\Local\Programs\Microsoft VS Code\bin;C:\Users\ADMIN\AppData\Roaming\npm;G:\All_Softwares\Java_Setup\eclipse;;."/>
    <property name="java.specification.name" value="Java Platform API Specification"/>
    <property name="java.class.version" value="52.0"/>
    <property name="sun.management.compiler" value="HotSpot Client Compiler"/>
    <property name="os.version" value="6.1"/>
    <property name="user.home" value="C:\Users\ADMIN"/>
    <property name="user.timezone" value="Asia/Calcutta"/>
    <property name="java.awt.printerjob" value="sun.awt.windows.WPrinterJob"/>
    <property name="java.specification.version" value="1.8"/>
    <property name="file.encoding" value="Cp1252"/>
    <property name="user.name" value="ADMIN"/>
    <property name="java.class.path" value="C:\Maven\apache-maven-3.6.1\boot\plexus-classworlds-2.6.0.jar"/>
    <property name="java.vm.specification.version" value="1.8"/>
    <property name="sun.arch.data.model" value="32"/>
    <property name="java.home" value="C:\Program Files (x86)\Java\jdk1.8.0_91\jre"/>
    <property name="sun.java.command" value="org.codehaus.plexus.classworlds.launcher.Launcher -B -gs C:\Maven\apache-maven-3.6.1\conf\settings.xml -s C:\Maven\apache-maven-3.6.1\conf\settings.xml install"/>
    <property name="java.specification.vendor" value="Oracle Corporation"/>
    <property name="user.language" value="en"/>
    <property name="awt.toolkit" value="sun.awt.windows.WToolkit"/>
    <property name="java.vm.info" value="mixed mode, sharing"/>
    <property name="java.version" value="1.8.0_91"/>
    <property name="java.ext.dirs" value="C:\Program Files (x86)\Java\jdk1.8.0_91\jre\lib\ext;C:\Windows\Sun\Java\lib\ext"/>
    <property name="sun.boot.class.path" value="C:\Program Files (x86)\Java\jdk1.8.0_91\jre\lib\resources.jar;C:\Program Files (x86)\Java\jdk1.8.0_91\jre\lib\rt.jar;C:\Program Files (x86)\Java\jdk1.8.0_91\jre\lib\sunrsasign.jar;C:\Program Files (x86)\Java\jdk1.8.0_91\jre\lib\jsse.jar;C:\Program Files (x86)\Java\jdk1.8.0_91\jre\lib\jce.jar;C:\Program Files (x86)\Java\jdk1.8.0_91\jre\lib\charsets.jar;C:\Program Files (x86)\Java\jdk1.8.0_91\jre\lib\jfr.jar;C:\Program Files (x86)\Java\jdk1.8.0_91\jre\classes"/>
    <property name="java.vendor" value="Oracle Corporation"/>
    <property name="maven.home" value="C:\Maven\apache-maven-3.6.1"/>
    <property name="file.separator" value="\"/>
    <property name="java.vendor.url.bug" value="http://bugreport.sun.com/bugreport/"/>
    <property name="sun.cpu.endian" value="little"/>
    <property name="sun.io.unicode.encoding" value="UnicodeLittle"/>
    <property name="sun.desktop" value="windows"/>
    <property name="sun.cpu.isalist" value="pentium_pro+mmx pentium_pro pentium+mmx pentium i486 i386 i86"/>
  </properties>
  <testcase classname="com.w2a.qa.testcases.CreateCustomerTest" name="ValidateCreateCustomerAPIWihInvalidSecreteKey" time="5.723"/>
  <testcase classname="com.w2a.qa.testcases.CreateCustomerTest" name="ValidateCreateCustomerAPIWihInvalidSecreteKey" time="0.541"/>
  <testcase classname="com.w2a.qa.testcases.CreateCustomerTest" name="ValidateCreateCustomerAPIWihValidSecreteKey" time="1.1"/>
  <testcase classname="com.w2a.qa.testcases.CreateCustomerTest" name="ValidateCreateCustomerAPIWihValidSecreteKey" time="0.879"/>
  <testcase classname="com.w2a.qa.testcases.CreateCustomerTest" name="ValidateCreateCustomerAPIWihValidSecreteKey" time="0.837"/>
  <testcase classname="com.w2a.qa.testcases.CreateCustomerTest" name="ValidateCreateCustomerAPIWihValidSecreteKey" time="0.969"/>
  <testcase classname="com.w2a.qa.testcases.CreateCustomerTest" name="ValidateCreateCustomerAPIWihValidSecreteKey" time="0.862"/>
  <testcase classname="com.w2a.qa.testcases.CreateCustomerTest" name="ValidateCreateCustomerAPIWihValidSecreteKey" time="0.949"/>
  <testcase classname="com.w2a.qa.testcases.CreateCustomerTest" name="ValidateCreateCustomerAPIWihValidSecreteKey" time="0.828"/>
  <testcase classname="com.w2a.qa.testcases.CreateCustomerTest" name="ValidateCreateCustomerAPIWihValidSecreteKey" time="0.89"/>
  <testcase classname="com.w2a.qa.testcases.CreateCustomerTest" name="ValidateCreateCustomerAPIWihValidSecreteKey" time="0.922"/>
  <testcase classname="com.w2a.qa.testcases.DeleteCustomerTest" name="ValidateDeleteCustomer" time="3.072">
    <failure type="java.lang.NullPointerException">java.lang.NullPointerException
	at com.w2a.qa.testcases.DeleteCustomerTest.ValidateDeleteCustomer(DeleteCustomerTest.java:22)
</failure>
    <system-out>Total rows are : 40
Test name is : ValidateDeleteCustomer
Test case starts from row num: 18
Total rows of data are : 21
Total cols are : 1
{
    &quot;error&quot;: {
        &quot;code&quot;: &quot;resource_missing&quot;,
        &quot;doc_url&quot;: &quot;https://stripe.com/docs/error-codes/resource-missing&quot;,
        &quot;message&quot;: &quot;No such customer: &apos;cus_Htk4Br5E1aOyev&apos;&quot;,
        &quot;param&quot;: &quot;id&quot;,
        &quot;type&quot;: &quot;invalid_request_error&quot;
    }
}
</system-out>
  </testcase>
  <testcase classname="com.w2a.qa.testcases.DeleteCustomerTest" name="ValidateDeleteCustomer" time="0.983">
    <failure type="java.lang.NullPointerException">java.lang.NullPointerException
	at com.w2a.qa.testcases.DeleteCustomerTest.ValidateDeleteCustomer(DeleteCustomerTest.java:22)
</failure>
    <system-out>{
    &quot;error&quot;: {
        &quot;code&quot;: &quot;resource_missing&quot;,
        &quot;doc_url&quot;: &quot;https://stripe.com/docs/error-codes/resource-missing&quot;,
        &quot;message&quot;: &quot;No such customer: &apos;cus_Htk4azASdGfPBP&apos;&quot;,
        &quot;param&quot;: &quot;id&quot;,
        &quot;type&quot;: &quot;invalid_request_error&quot;
    }
}
</system-out>
  </testcase>
  <testcase classname="com.w2a.qa.testcases.DeleteCustomerTest" name="ValidateDeleteCustomer" time="1.016">
    <failure type="java.lang.NullPointerException">java.lang.NullPointerException
	at com.w2a.qa.testcases.DeleteCustomerTest.ValidateDeleteCustomer(DeleteCustomerTest.java:22)
</failure>
    <system-out>{
    &quot;error&quot;: {
        &quot;code&quot;: &quot;resource_missing&quot;,
        &quot;doc_url&quot;: &quot;https://stripe.com/docs/error-codes/resource-missing&quot;,
        &quot;message&quot;: &quot;No such customer: &apos;cus_Htk4noiST1DYPO&apos;&quot;,
        &quot;param&quot;: &quot;id&quot;,
        &quot;type&quot;: &quot;invalid_request_error&quot;
    }
}
</system-out>
  </testcase>
  <testcase classname="com.w2a.qa.testcases.DeleteCustomerTest" name="ValidateDeleteCustomer" time="0.991">
    <failure type="java.lang.NullPointerException">java.lang.NullPointerException
	at com.w2a.qa.testcases.DeleteCustomerTest.ValidateDeleteCustomer(DeleteCustomerTest.java:22)
</failure>
    <system-out>{
    &quot;error&quot;: {
        &quot;code&quot;: &quot;resource_missing&quot;,
        &quot;doc_url&quot;: &quot;https://stripe.com/docs/error-codes/resource-missing&quot;,
        &quot;message&quot;: &quot;No such customer: &apos;cus_Htk4FSEAaFNn8X&apos;&quot;,
        &quot;param&quot;: &quot;id&quot;,
        &quot;type&quot;: &quot;invalid_request_error&quot;
    }
}
</system-out>
  </testcase>
  <testcase classname="com.w2a.qa.testcases.DeleteCustomerTest" name="ValidateDeleteCustomer" time="0.986">
    <failure type="java.lang.NullPointerException">java.lang.NullPointerException
	at com.w2a.qa.testcases.DeleteCustomerTest.ValidateDeleteCustomer(DeleteCustomerTest.java:22)
</failure>
    <system-out>{
    &quot;error&quot;: {
        &quot;code&quot;: &quot;resource_missing&quot;,
        &quot;doc_url&quot;: &quot;https://stripe.com/docs/error-codes/resource-missing&quot;,
        &quot;message&quot;: &quot;No such customer: &apos;cus_Htk4nX48lcl936&apos;&quot;,
        &quot;param&quot;: &quot;id&quot;,
        &quot;type&quot;: &quot;invalid_request_error&quot;
    }
}
</system-out>
  </testcase>
  <testcase classname="com.w2a.qa.testcases.DeleteCustomerTest" name="ValidateDeleteCustomer" time="1.033">
    <failure type="java.lang.NullPointerException">java.lang.NullPointerException
	at com.w2a.qa.testcases.DeleteCustomerTest.ValidateDeleteCustomer(DeleteCustomerTest.java:22)
</failure>
    <system-out>{
    &quot;error&quot;: {
        &quot;code&quot;: &quot;resource_missing&quot;,
        &quot;doc_url&quot;: &quot;https://stripe.com/docs/error-codes/resource-missing&quot;,
        &quot;message&quot;: &quot;No such customer: &apos;cus_Htk4nMH4aCkW7m&apos;&quot;,
        &quot;param&quot;: &quot;id&quot;,
        &quot;type&quot;: &quot;invalid_request_error&quot;
    }
}
</system-out>
  </testcase>
  <testcase classname="com.w2a.qa.testcases.DeleteCustomerTest" name="ValidateDeleteCustomer" time="0.963">
    <failure type="java.lang.NullPointerException">java.lang.NullPointerException
	at com.w2a.qa.testcases.DeleteCustomerTest.ValidateDeleteCustomer(DeleteCustomerTest.java:22)
</failure>
    <system-out>{
    &quot;error&quot;: {
        &quot;code&quot;: &quot;resource_missing&quot;,
        &quot;doc_url&quot;: &quot;https://stripe.com/docs/error-codes/resource-missing&quot;,
        &quot;message&quot;: &quot;No such customer: &apos;cus_Htk35sBIBRCP1J&apos;&quot;,
        &quot;param&quot;: &quot;id&quot;,
        &quot;type&quot;: &quot;invalid_request_error&quot;
    }
}
</system-out>
  </testcase>
  <testcase classname="com.w2a.qa.testcases.DeleteCustomerTest" name="ValidateDeleteCustomer" time="1">
    <failure type="java.lang.NullPointerException">java.lang.NullPointerException
	at com.w2a.qa.testcases.DeleteCustomerTest.ValidateDeleteCustomer(DeleteCustomerTest.java:22)
</failure>
    <system-out>{
    &quot;error&quot;: {
        &quot;code&quot;: &quot;resource_missing&quot;,
        &quot;doc_url&quot;: &quot;https://stripe.com/docs/error-codes/resource-missing&quot;,
        &quot;message&quot;: &quot;No such customer: &apos;cus_Htk3DHSiz7So4V&apos;&quot;,
        &quot;param&quot;: &quot;id&quot;,
        &quot;type&quot;: &quot;invalid_request_error&quot;
    }
}
</system-out>
  </testcase>
  <testcase classname="com.w2a.qa.testcases.DeleteCustomerTest" name="ValidateDeleteCustomer" time="0.897">
    <failure type="java.lang.NullPointerException">java.lang.NullPointerException
	at com.w2a.qa.testcases.DeleteCustomerTest.ValidateDeleteCustomer(DeleteCustomerTest.java:22)
</failure>
    <system-out>{
    &quot;error&quot;: {
        &quot;code&quot;: &quot;resource_missing&quot;,
        &quot;doc_url&quot;: &quot;https://stripe.com/docs/error-codes/resource-missing&quot;,
        &quot;message&quot;: &quot;No such customer: &apos;cus_Htk3IGUN5XqbAH&apos;&quot;,
        &quot;param&quot;: &quot;id&quot;,
        &quot;type&quot;: &quot;invalid_request_error&quot;
    }
}
</system-out>
  </testcase>
  <testcase classname="com.w2a.qa.testcases.DeleteCustomerTest" name="ValidateDeleteCustomer" time="1.008">
    <failure type="java.lang.NullPointerException">java.lang.NullPointerException
	at com.w2a.qa.testcases.DeleteCustomerTest.ValidateDeleteCustomer(DeleteCustomerTest.java:22)
</failure>
    <system-out>{
    &quot;error&quot;: {
        &quot;code&quot;: &quot;resource_missing&quot;,
        &quot;doc_url&quot;: &quot;https://stripe.com/docs/error-codes/resource-missing&quot;,
        &quot;message&quot;: &quot;No such customer: &apos;cus_Htk3hJji0aHzDw&apos;&quot;,
        &quot;param&quot;: &quot;id&quot;,
        &quot;type&quot;: &quot;invalid_request_error&quot;
    }
}
</system-out>
  </testcase>
  <testcase classname="com.w2a.qa.testcases.DeleteCustomerTest" name="ValidateDeleteCustomer" time="0.955">
    <failure type="java.lang.NullPointerException">java.lang.NullPointerException
	at com.w2a.qa.testcases.DeleteCustomerTest.ValidateDeleteCustomer(DeleteCustomerTest.java:22)
</failure>
    <system-out>{
    &quot;error&quot;: {
        &quot;code&quot;: &quot;resource_missing&quot;,
        &quot;doc_url&quot;: &quot;https://stripe.com/docs/error-codes/resource-missing&quot;,
        &quot;message&quot;: &quot;No such customer: &apos;cus_Htk3S2MNApt43U&apos;&quot;,
        &quot;param&quot;: &quot;id&quot;,
        &quot;type&quot;: &quot;invalid_request_error&quot;
    }
}
</system-out>
  </testcase>
  <testcase classname="com.w2a.qa.testcases.DeleteCustomerTest" name="ValidateDeleteCustomer" time="0.976">
    <failure type="java.lang.NullPointerException">java.lang.NullPointerException
	at com.w2a.qa.testcases.DeleteCustomerTest.ValidateDeleteCustomer(DeleteCustomerTest.java:22)
</failure>
    <system-out>{
    &quot;error&quot;: {
        &quot;code&quot;: &quot;resource_missing&quot;,
        &quot;doc_url&quot;: &quot;https://stripe.com/docs/error-codes/resource-missing&quot;,
        &quot;message&quot;: &quot;No such customer: &apos;cus_Htk36TNIMVPNnc&apos;&quot;,
        &quot;param&quot;: &quot;id&quot;,
        &quot;type&quot;: &quot;invalid_request_error&quot;
    }
}
</system-out>
  </testcase>
  <testcase classname="com.w2a.qa.testcases.DeleteCustomerTest" name="ValidateDeleteCustomer" time="1.018">
    <failure type="java.lang.NullPointerException">java.lang.NullPointerException
	at com.w2a.qa.testcases.DeleteCustomerTest.ValidateDeleteCustomer(DeleteCustomerTest.java:22)
</failure>
    <system-out>{
    &quot;error&quot;: {
        &quot;code&quot;: &quot;resource_missing&quot;,
        &quot;doc_url&quot;: &quot;https://stripe.com/docs/error-codes/resource-missing&quot;,
        &quot;message&quot;: &quot;No such customer: &apos;cus_Htk38fEOXuzACN&apos;&quot;,
        &quot;param&quot;: &quot;id&quot;,
        &quot;type&quot;: &quot;invalid_request_error&quot;
    }
}
</system-out>
  </testcase>
  <testcase classname="com.w2a.qa.testcases.DeleteCustomerTest" name="ValidateDeleteCustomer" time="1.033">
    <failure type="java.lang.NullPointerException">java.lang.NullPointerException
	at com.w2a.qa.testcases.DeleteCustomerTest.ValidateDeleteCustomer(DeleteCustomerTest.java:22)
</failure>
    <system-out>{
    &quot;error&quot;: {
        &quot;code&quot;: &quot;resource_missing&quot;,
        &quot;doc_url&quot;: &quot;https://stripe.com/docs/error-codes/resource-missing&quot;,
        &quot;message&quot;: &quot;No such customer: &apos;cus_Htk3U8pb0mjkld&apos;&quot;,
        &quot;param&quot;: &quot;id&quot;,
        &quot;type&quot;: &quot;invalid_request_error&quot;
    }
}
</system-out>
  </testcase>
  <testcase classname="com.w2a.qa.testcases.DeleteCustomerTest" name="ValidateDeleteCustomer" time="1.054">
    <failure type="java.lang.NullPointerException">java.lang.NullPointerException
	at com.w2a.qa.testcases.DeleteCustomerTest.ValidateDeleteCustomer(DeleteCustomerTest.java:22)
</failure>
    <system-out>{
    &quot;error&quot;: {
        &quot;code&quot;: &quot;resource_missing&quot;,
        &quot;doc_url&quot;: &quot;https://stripe.com/docs/error-codes/resource-missing&quot;,
        &quot;message&quot;: &quot;No such customer: &apos;cus_Htk31JLBISXnDr&apos;&quot;,
        &quot;param&quot;: &quot;id&quot;,
        &quot;type&quot;: &quot;invalid_request_error&quot;
    }
}
</system-out>
  </testcase>
  <testcase classname="com.w2a.qa.testcases.DeleteCustomerTest" name="ValidateDeleteCustomer" time="1.082">
    <failure type="java.lang.NullPointerException">java.lang.NullPointerException
	at com.w2a.qa.testcases.DeleteCustomerTest.ValidateDeleteCustomer(DeleteCustomerTest.java:22)
</failure>
    <system-out>{
    &quot;error&quot;: {
        &quot;code&quot;: &quot;resource_missing&quot;,
        &quot;doc_url&quot;: &quot;https://stripe.com/docs/error-codes/resource-missing&quot;,
        &quot;message&quot;: &quot;No such customer: &apos;cus_Htk3xBl7Azbqms&apos;&quot;,
        &quot;param&quot;: &quot;id&quot;,
        &quot;type&quot;: &quot;invalid_request_error&quot;
    }
}
</system-out>
  </testcase>
  <testcase classname="com.w2a.qa.testcases.DeleteCustomerTest" name="ValidateDeleteCustomer" time="1.036">
    <failure type="java.lang.NullPointerException">java.lang.NullPointerException
	at com.w2a.qa.testcases.DeleteCustomerTest.ValidateDeleteCustomer(DeleteCustomerTest.java:22)
</failure>
    <system-out>{
    &quot;error&quot;: {
        &quot;code&quot;: &quot;resource_missing&quot;,
        &quot;doc_url&quot;: &quot;https://stripe.com/docs/error-codes/resource-missing&quot;,
        &quot;message&quot;: &quot;No such customer: &apos;cus_Htk3uAac9PjIOP&apos;&quot;,
        &quot;param&quot;: &quot;id&quot;,
        &quot;type&quot;: &quot;invalid_request_error&quot;
    }
}
</system-out>
  </testcase>
  <testcase classname="com.w2a.qa.testcases.DeleteCustomerTest" name="ValidateDeleteCustomer" time="0.997">
    <failure type="java.lang.NullPointerException">java.lang.NullPointerException
	at com.w2a.qa.testcases.DeleteCustomerTest.ValidateDeleteCustomer(DeleteCustomerTest.java:22)
</failure>
    <system-out>{
    &quot;error&quot;: {
        &quot;code&quot;: &quot;resource_missing&quot;,
        &quot;doc_url&quot;: &quot;https://stripe.com/docs/error-codes/resource-missing&quot;,
        &quot;message&quot;: &quot;No such customer: &apos;cus_Htk3UP9YQ6rCo5&apos;&quot;,
        &quot;param&quot;: &quot;id&quot;,
        &quot;type&quot;: &quot;invalid_request_error&quot;
    }
}
</system-out>
  </testcase>
  <testcase classname="com.w2a.qa.testcases.DeleteCustomerTest" name="ValidateDeleteCustomer" time="0.933">
    <failure type="java.lang.NullPointerException">java.lang.NullPointerException
	at com.w2a.qa.testcases.DeleteCustomerTest.ValidateDeleteCustomer(DeleteCustomerTest.java:22)
</failure>
    <system-out>{
    &quot;error&quot;: {
        &quot;code&quot;: &quot;resource_missing&quot;,
        &quot;doc_url&quot;: &quot;https://stripe.com/docs/error-codes/resource-missing&quot;,
        &quot;message&quot;: &quot;No such customer: &apos;cus_HtjcAbgDTZfYxQ&apos;&quot;,
        &quot;param&quot;: &quot;id&quot;,
        &quot;type&quot;: &quot;invalid_request_error&quot;
    }
}
</system-out>
  </testcase>
  <testcase classname="com.w2a.qa.testcases.DeleteCustomerTest" name="ValidateDeleteCustomer" time="0.977">
    <failure type="java.lang.NullPointerException">java.lang.NullPointerException
	at com.w2a.qa.testcases.DeleteCustomerTest.ValidateDeleteCustomer(DeleteCustomerTest.java:22)
</failure>
    <system-out>{
    &quot;error&quot;: {
        &quot;code&quot;: &quot;resource_missing&quot;,
        &quot;doc_url&quot;: &quot;https://stripe.com/docs/error-codes/resource-missing&quot;,
        &quot;message&quot;: &quot;No such customer: &apos;cus_HtjcF3VMrYqb45&apos;&quot;,
        &quot;param&quot;: &quot;id&quot;,
        &quot;type&quot;: &quot;invalid_request_error&quot;
    }
}
</system-out>
  </testcase>
  <testcase classname="com.w2a.qa.testcases.DeleteCustomerTest" name="ValidateDeleteCustomer" time="0.97">
    <failure type="java.lang.NullPointerException">java.lang.NullPointerException
	at com.w2a.qa.testcases.DeleteCustomerTest.ValidateDeleteCustomer(DeleteCustomerTest.java:22)
</failure>
    <system-out>{
    &quot;error&quot;: {
        &quot;code&quot;: &quot;resource_missing&quot;,
        &quot;doc_url&quot;: &quot;https://stripe.com/docs/error-codes/resource-missing&quot;,
        &quot;message&quot;: &quot;No such customer: &apos;cus_HtjASCrxdLjNU0&apos;&quot;,
        &quot;param&quot;: &quot;id&quot;,
        &quot;type&quot;: &quot;invalid_request_error&quot;
    }
}
</system-out>
  </testcase>
</testsuite>