<?xml version="1.0" encoding="UTF-8"?>
<!-- Generated by org.testng.reporters.JUnitReportReporter -->
<testsuite skipped="0" hostname="ADMIN-PC" name="com.w2a.qa.testcases.CreateCustomerTest" tests="11" failures="0" timestamp="28 Aug 2020 17:26:33 GMT" time="9.707" errors="0">
  <testcase name="ValidateCreateCustomerAPIWihValidSecreteKey" time="0.722" classname="com.w2a.qa.testcases.CreateCustomerTest"/>
  <testcase name="ValidateCreateCustomerAPIWihValidSecreteKey" time="0.776" classname="com.w2a.qa.testcases.CreateCustomerTest"/>
  <testcase name="ValidateCreateCustomerAPIWihValidSecreteKey" time="0.852" classname="com.w2a.qa.testcases.CreateCustomerTest"/>
  <testcase name="ValidateCreateCustomerAPIWihInvalidSecreteKey" time="0.422" classname="com.w2a.qa.testcases.CreateCustomerTest"/>
  <testcase name="ValidateCreateCustomerAPIWihValidSecreteKey" time="0.727" classname="com.w2a.qa.testcases.CreateCustomerTest"/>
  <testcase name="ValidateCreateCustomerAPIWihValidSecreteKey" time="0.721" classname="com.w2a.qa.testcases.CreateCustomerTest"/>
  <testcase name="ValidateCreateCustomerAPIWihValidSecreteKey" time="0.696" classname="com.w2a.qa.testcases.CreateCustomerTest"/>
  <testcase name="ValidateCreateCustomerAPIWihValidSecreteKey" time="0.719" classname="com.w2a.qa.testcases.CreateCustomerTest"/>
  <testcase name="ValidateCreateCustomerAPIWihValidSecreteKey" time="0.741" classname="com.w2a.qa.testcases.CreateCustomerTest"/>
  <testcase name="ValidateCreateCustomerAPIWihValidSecreteKey" time="0.697" classname="com.w2a.qa.testcases.CreateCustomerTest"/>
  <testcase name="ValidateCreateCustomerAPIWihInvalidSecreteKey" time="2.634" classname="com.w2a.qa.testcases.CreateCustomerTest"/>
</testsuite> <!-- com.w2a.qa.testcases.CreateCustomerTest -->
