<?xml version="1.0" encoding="UTF-8"?>
<!-- Generated by org.testng.reporters.JUnitReportReporter -->
<testsuite skipped="0" hostname="ADMIN-PC" name="com.w2a.qa.testcases.CreateCustomerTest" tests="11" failures="0" timestamp="28 Apr 2021 05:53:55 GMT" time="14.569" errors="0">
  <testcase name="ValidateCreateCustomerAPIWihValidSecreteKey" time="0.961" classname="com.w2a.qa.testcases.CreateCustomerTest"/>
  <testcase name="ValidateCreateCustomerAPIWihValidSecreteKey" time="1.090" classname="com.w2a.qa.testcases.CreateCustomerTest"/>
  <testcase name="ValidateCreateCustomerAPIWihValidSecreteKey" time="0.852" classname="com.w2a.qa.testcases.CreateCustomerTest"/>
  <testcase name="ValidateCreateCustomerAPIWihValidSecreteKey" time="0.873" classname="com.w2a.qa.testcases.CreateCustomerTest"/>
  <testcase name="ValidateCreateCustomerAPIWihValidSecreteKey" time="0.938" classname="com.w2a.qa.testcases.CreateCustomerTest"/>
  <testcase name="ValidateCreateCustomerAPIWihValidSecreteKey" time="0.844" classname="com.w2a.qa.testcases.CreateCustomerTest"/>
  <testcase name="ValidateCreateCustomerAPIWihValidSecreteKey" time="0.899" classname="com.w2a.qa.testcases.CreateCustomerTest"/>
  <testcase name="ValidateCreateCustomerAPIWihValidSecreteKey" time="0.870" classname="com.w2a.qa.testcases.CreateCustomerTest"/>
  <testcase name="ValidateCreateCustomerAPIWihValidSecreteKey" time="0.933" classname="com.w2a.qa.testcases.CreateCustomerTest"/>
  <testcase name="ValidateCreateCustomerAPIWihInvalidSecreteKey" time="0.524" classname="com.w2a.qa.testcases.CreateCustomerTest"/>
  <testcase name="ValidateCreateCustomerAPIWihInvalidSecreteKey" time="5.785" classname="com.w2a.qa.testcases.CreateCustomerTest"/>
</testsuite> <!-- com.w2a.qa.testcases.CreateCustomerTest -->
